
2023/06/27 (11:20:18) | ===> btop++ v.1.2.5
2023/06/27 (11:20:18) | INFO: Logger set to DEBUG
2023/06/27 (11:20:18) | DEBUG: Using locale fr_FR.UTF-8
2023/06/27 (11:20:18) | INFO: Running on /dev/pts/3
2023/06/27 (11:20:18) | DEBUG: Loading theme file: /home/monzey/.config/btop/themes/tokyonight.theme

2023/06/28 (10:45:23) | ===> btop++ v.1.2.5
2023/06/28 (10:45:23) | INFO: Logger set to DEBUG
2023/06/28 (10:45:23) | DEBUG: Using locale fr_FR.UTF-8
2023/06/28 (10:45:23) | INFO: Running on /dev/pts/3
2023/06/28 (10:45:23) | DEBUG: Loading theme file: /home/monzey/.config/btop/themes/tokyonight.theme

2023/06/28 (10:48:50) | ===> btop++ v.1.2.5
2023/06/28 (10:48:50) | INFO: Logger set to DEBUG
2023/06/28 (10:48:50) | DEBUG: Using locale fr_FR.UTF-8
2023/06/28 (10:48:50) | INFO: Running on /dev/pts/3
2023/06/28 (10:48:50) | DEBUG: Loading theme file: /home/monzey/.config/btop/themes/tokyonight.theme

2023/06/30 (14:10:09) | ===> btop++ v.1.2.5
2023/06/30 (14:10:09) | INFO: Logger set to DEBUG
2023/06/30 (14:10:09) | DEBUG: Using locale fr_FR.UTF-8
2023/06/30 (14:10:09) | INFO: Running on /dev/pts/2
2023/06/30 (14:10:09) | DEBUG: Loading theme file: /home/monzey/.config/btop/themes/tokyonight.theme

2023/08/01 (15:16:13) | ===> btop++ v.1.2.5
2023/08/01 (15:16:13) | INFO: Logger set to DEBUG
2023/08/01 (15:16:13) | DEBUG: Using locale en_US.UTF-8
2023/08/01 (15:16:13) | INFO: Running on /dev/pts/6
2023/08/01 (15:16:13) | DEBUG: Loading theme file: /home/monzey/.config/btop/themes/tokyonight.theme

2023/08/04 (16:11:09) | ===> btop++ v.1.2.5
2023/08/04 (16:11:09) | INFO: Logger set to DEBUG
2023/08/04 (16:11:09) | DEBUG: Using locale en_US.UTF-8
2023/08/04 (16:11:09) | INFO: Running on /dev/pts/4
2023/08/04 (16:11:09) | DEBUG: Loading theme file: /home/monzey/.config/btop/themes/tokyonight.theme

2023/09/11 (15:12:47) | ===> btop++ v.1.2.5
2023/09/11 (15:12:47) | INFO: Logger set to DEBUG
2023/09/11 (15:12:47) | DEBUG: Using locale en_US.UTF-8
2023/09/11 (15:12:47) | INFO: Running on /dev/pts/0
2023/09/11 (15:12:47) | DEBUG: Loading theme file: /home/monzey/.config/btop/themes/tokyonight.theme

2023/09/21 (16:30:30) | ===> btop++ v.1.2.5
2023/09/21 (16:30:30) | INFO: Logger set to DEBUG
2023/09/21 (16:30:30) | DEBUG: Using locale en_US.UTF-8
2023/09/21 (16:30:30) | INFO: Running on /dev/pts/5
2023/09/21 (16:30:30) | DEBUG: Loading theme file: /home/monzey/.config/btop/themes/tokyonight.theme

2023/09/21 (16:34:17) | ===> btop++ v.1.2.5
2023/09/21 (16:34:17) | INFO: Logger set to DEBUG
2023/09/21 (16:34:17) | DEBUG: Using locale en_US.UTF-8
2023/09/21 (16:34:17) | INFO: Running on /dev/pts/4
2023/09/21 (16:34:17) | DEBUG: Loading theme file: /home/monzey/.config/btop/themes/tokyonight.theme

2023/09/21 (16:35:50) | ===> btop++ v.1.2.5
2023/09/21 (16:35:50) | INFO: Logger set to DEBUG
2023/09/21 (16:35:50) | DEBUG: Using locale en_US.UTF-8
2023/09/21 (16:35:50) | INFO: Running on /dev/pts/4
2023/09/21 (16:35:50) | DEBUG: Loading theme file: /home/monzey/.config/btop/themes/tokyonight.theme

2023/09/21 (16:36:13) | ===> btop++ v.1.2.5
2023/09/21 (16:36:13) | INFO: Logger set to DEBUG
2023/09/21 (16:36:13) | DEBUG: Using locale en_US.UTF-8
2023/09/21 (16:36:13) | INFO: Running on /dev/pts/4
2023/09/21 (16:36:13) | DEBUG: Loading theme file: /home/monzey/.config/btop/themes/tokyonight.theme

2023/09/21 (16:37:23) | ===> btop++ v.1.2.5
2023/09/21 (16:37:23) | INFO: Logger set to DEBUG
2023/09/21 (16:37:23) | DEBUG: Using locale en_US.UTF-8
2023/09/21 (16:37:23) | INFO: Running on /dev/pts/4
2023/09/21 (16:37:23) | DEBUG: Loading theme file: /home/monzey/.config/btop/themes/tokyonight.theme

2023/09/21 (16:38:58) | ===> btop++ v.1.2.5
2023/09/21 (16:38:58) | INFO: Logger set to DEBUG
2023/09/21 (16:38:58) | DEBUG: Using locale en_US.UTF-8
2023/09/21 (16:38:58) | INFO: Running on /dev/pts/4
2023/09/21 (16:38:58) | DEBUG: Loading theme file: /home/monzey/.config/btop/themes/tokyonight.theme

2023/09/21 (16:43:10) | ===> btop++ v.1.2.5
2023/09/21 (16:43:10) | INFO: Logger set to DEBUG
2023/09/21 (16:43:10) | DEBUG: Using locale en_US.UTF-8
2023/09/21 (16:43:10) | INFO: Running on /dev/pts/4
2023/09/21 (16:43:10) | DEBUG: Loading theme file: /home/monzey/.config/btop/themes/tokyonight.theme

2023/09/22 (12:36:38) | ===> btop++ v.1.2.5
2023/09/22 (12:36:38) | INFO: Logger set to DEBUG
2023/09/22 (12:36:38) | DEBUG: Using locale en_US.UTF-8
2023/09/22 (12:36:38) | INFO: Running on /dev/pts/3
2023/09/22 (12:36:38) | DEBUG: Loading theme file: /home/monzey/.config/btop/themes/tokyonight.theme

2023/09/22 (15:04:48) | ===> btop++ v.1.2.5
2023/09/22 (15:04:48) | INFO: Logger set to DEBUG
2023/09/22 (15:04:48) | DEBUG: Using locale en_US.UTF-8
2023/09/22 (15:04:48) | INFO: Running on /dev/pts/5
2023/09/22 (15:04:48) | DEBUG: Loading theme file: /home/monzey/.config/btop/themes/tokyonight.theme

2023/10/11 (14:43:45) | ===> btop++ v.1.2.5
2023/10/11 (14:43:45) | INFO: Logger set to DEBUG
2023/10/11 (14:43:45) | DEBUG: Using locale en_US.UTF-8
2023/10/11 (14:43:45) | INFO: Running on /dev/pts/5
2023/10/11 (14:43:45) | DEBUG: Loading theme file: /home/monzey/.config/btop/themes/tokyonight.theme

2023/10/26 (16:25:21) | ===> btop++ v.1.2.5
2023/10/26 (16:25:21) | INFO: Logger set to DEBUG
2023/10/26 (16:25:21) | DEBUG: Using locale en_US.UTF-8
2023/10/26 (16:25:21) | INFO: Running on /dev/pts/3
2023/10/26 (16:25:22) | DEBUG: Loading theme file: /home/monzey/.config/btop/themes/tokyonight.theme

2023/11/06 (14:02:02) | ===> btop++ v.1.2.5
2023/11/06 (14:02:02) | INFO: Logger set to DEBUG
2023/11/06 (14:02:02) | DEBUG: Using locale en_US.UTF-8
2023/11/06 (14:02:02) | INFO: Running on /dev/pts/5
2023/11/06 (14:02:02) | DEBUG: Loading theme file: /home/monzey/.config/btop/themes/tokyonight.theme

2023/11/10 (15:56:54) | ===> btop++ v.1.2.5
2023/11/10 (15:56:54) | INFO: Logger set to DEBUG
2023/11/10 (15:56:54) | DEBUG: Using locale en_US.UTF-8
2023/11/10 (15:56:54) | INFO: Running on /dev/pts/5
2023/11/10 (15:56:54) | DEBUG: Loading theme file: /home/monzey/.config/btop/themes/tokyonight.theme

2023/12/06 (10:11:23) | ===> btop++ v.1.2.5
2023/12/06 (10:11:23) | INFO: Logger set to DEBUG
2023/12/06 (10:11:23) | DEBUG: Using locale en_US.UTF-8
2023/12/06 (10:11:23) | INFO: Running on /dev/pts/3
2023/12/06 (10:11:23) | DEBUG: Loading theme file: /home/monzey/.config/btop/themes/tokyonight.theme

2023/12/19 (09:28:25) | ===> btop++ v.1.2.5
2023/12/19 (09:28:25) | INFO: Logger set to DEBUG
2023/12/19 (09:28:25) | DEBUG: Using locale en_US.UTF-8
2023/12/19 (09:28:25) | INFO: Running on /dev/pts/5
2023/12/19 (09:28:25) | DEBUG: Loading theme file: /home/monzey/.config/btop/themes/tokyonight.theme

2024/01/08 (11:27:28) | ===> btop++ v.1.2.5
2024/01/08 (11:27:28) | INFO: Logger set to DEBUG
2024/01/08 (11:27:28) | DEBUG: Using locale en_US.UTF-8
2024/01/08 (11:27:28) | INFO: Running on /dev/pts/6
2024/01/08 (11:27:29) | DEBUG: Loading theme file: /home/monzey/.config/btop/themes/tokyonight.theme

2024/01/11 (13:27:41) | ===> btop++ v.1.2.5
2024/01/11 (13:27:41) | INFO: Logger set to DEBUG
2024/01/11 (13:27:41) | DEBUG: Using locale en_US.UTF-8
2024/01/11 (13:27:41) | INFO: Running on /dev/pts/4
2024/01/11 (13:27:41) | DEBUG: Loading theme file: /home/monzey/.config/btop/themes/tokyonight.theme

2024/02/05 (16:01:29) | ===> btop++ v.1.2.5
2024/02/05 (16:01:29) | INFO: Logger set to DEBUG
2024/02/05 (16:01:29) | DEBUG: Using locale en_US.UTF-8
2024/02/05 (16:01:29) | INFO: Running on /dev/pts/5
2024/02/05 (16:01:29) | DEBUG: Loading theme file: /home/monzey/.config/btop/themes/tokyonight.theme

2024/02/05 (16:05:31) | ===> btop++ v.1.2.5
2024/02/05 (16:05:31) | INFO: Logger set to DEBUG
2024/02/05 (16:05:31) | DEBUG: Using locale en_US.UTF-8
2024/02/05 (16:05:31) | INFO: Running on /dev/pts/7
2024/02/05 (16:05:31) | DEBUG: Loading theme file: /home/monzey/.config/btop/themes/tokyonight.theme
2024/02/05 (16:07:41) | DEBUG: Writing new config file
2024/02/05 (16:07:41) | INFO: Quitting! Runtime: 00:02:10

2024/02/05 (16:07:42) | ===> btop++ v.1.2.5
2024/02/05 (16:07:42) | INFO: Logger set to DEBUG
2024/02/05 (16:07:42) | DEBUG: Using locale en_US.UTF-8
2024/02/05 (16:07:42) | INFO: Running on /dev/pts/7
2024/02/05 (16:07:42) | DEBUG: Loading theme file: /home/monzey/.config/btop/themes/tokyonight.theme

2024/09/11 (15:46:25) | ===> btop++ v.1.2.5
2024/09/11 (15:46:25) | INFO: Logger set to DEBUG
2024/09/11 (15:46:25) | DEBUG: Using locale fr_FR.UTF-8
2024/09/11 (15:46:25) | INFO: Running on /dev/pts/1
2024/09/11 (15:46:25) | DEBUG: Loading theme file: /home/monzey/.config/btop/themes/tokyonight.theme

2024/09/12 (12:41:42) | ===> btop++ v.1.2.5
2024/09/12 (12:41:42) | INFO: Logger set to DEBUG
2024/09/12 (12:41:42) | DEBUG: Using locale fr_FR.UTF-8
2024/09/12 (12:41:42) | INFO: Running on /dev/pts/3
2024/09/12 (12:41:42) | DEBUG: Loading theme file: /home/monzey/.config/btop/themes/tokyonight.theme

2024/09/13 (14:01:22) | ===> btop++ v.1.2.5
2024/09/13 (14:01:22) | INFO: Logger set to DEBUG
2024/09/13 (14:01:22) | DEBUG: Using locale fr_FR.UTF-8
2024/09/13 (14:01:22) | INFO: Running on /dev/pts/2
2024/09/13 (14:01:22) | DEBUG: Loading theme file: /home/monzey/.config/btop/themes/tokyonight.theme

2024/09/16 (15:46:12) | ===> btop++ v.1.2.5
2024/09/16 (15:46:12) | INFO: Logger set to DEBUG
2024/09/16 (15:46:12) | DEBUG: Using locale fr_FR.UTF-8
2024/09/16 (15:46:12) | INFO: Running on /dev/pts/0
2024/09/16 (15:46:12) | DEBUG: Loading theme file: /home/monzey/.config/btop/themes/tokyonight.theme

2024/09/18 (09:13:39) | ===> btop++ v.1.2.5
2024/09/18 (09:13:39) | INFO: Logger set to DEBUG
2024/09/18 (09:13:39) | DEBUG: Using locale fr_FR.UTF-8
2024/09/18 (09:13:39) | INFO: Running on /dev/pts/0
2024/09/18 (09:13:39) | DEBUG: Loading theme file: /home/monzey/.config/btop/themes/tokyonight.theme

2024/09/21 (13:22:25) | ===> btop++ v.1.3.2
2024/09/21 (13:22:25) | INFO: Logger set to DEBUG
2024/09/21 (13:22:25) | DEBUG: Using locale fr_FR.UTF-8
2024/09/21 (13:22:25) | INFO: Running on /dev/pts/2
2024/09/21 (13:22:25) | INFO: Failed to load libnvidia-ml.so, NVIDIA GPUs will not be detected: libnvidia-ml.so.1: cannot open shared object file: No such file or directory
2024/09/21 (13:22:25) | INFO: Failed to load librocm_smi64.so, AMD GPUs will not be detected: librocm_smi64.so.6: cannot open shared object file: No such file or directory
2024/09/21 (13:22:25) | DEBUG: Shared::init() : Initialized.
2024/09/21 (13:22:25) | DEBUG: Loading theme file: /home/monzey/.config/btop/themes/tokyonight.theme
